Juli 01, 2026 12:42:20 PM SocketClient connect
INFORMATION: Eingegebener Befehl: Unbekannte Nachricht: hallo soehnke
Juli 01, 2026 12:42:22 PM SocketClient connect
INFORMATION: Eingegebener Befehl: Unbekannte Nachricht: time
Juli 01, 2026 12:42:24 PM SocketClient connect
INFORMATION: Eingegebener Befehl: 12:42:24.185449100
Juli 01, 2026 12:42:26 PM SocketClient connect
INFORMATION: Eingegebener Befehl: Unbekannte Nachricht: lecker
Juli 01, 2026 12:42:27 PM SocketClient connect
INFORMATION: Eingegebener Befehl: Server wird beendet
Juli 01, 2026 12:45:48 PM SocketClient connect
INFORMATION: Eingegebener Befehl: Unbekannte Nachricht: des
Juli 01, 2026 12:45:50 PM SocketClient connect
INFORMATION: Eingegebener Befehl: 12:45:50.858550400
Juli 01, 2026 12:45:53 PM SocketClient connect
INFORMATION: Eingegebener Befehl: Unbekannte Nachricht: lecker
Juli 01, 2026 12:45:53 PM SocketClient connect
INFORMATION: Eingegebener Befehl: Server wird beendet
Juli 01, 2026 12:50:40 PM SocketServer start
INFORMATION: Eingegebener Befehl: des
Juli 01, 2026 12:50:41 PM SocketServer start
INFORMATION: Eingegebener Befehl: uhrzeit
Juli 01, 2026 12:50:44 PM SocketServer start
INFORMATION: Eingegebener Befehl: time
Juli 01, 2026 12:50:46 PM SocketServer start
INFORMATION: Eingegebener Befehl: hallo server
Juli 01, 2026 12:50:48 PM SocketServer start
INFORMATION: Eingegebener Befehl: stop
